#
# There is insufficient memory for the Java Runtime Environment to continue.
# Native memory allocation (malloc) failed to allocate 1359216 bytes for Chunk::new
# Possible reasons:
#   The system is out of physical RAM or swap space
#   In 32 bit mode, the process size limit was hit
# Possible solutions:
#   Reduce memory load on the system
#   Increase physical memory or swap space
#   Check if swap backing store is full
#   Use 64 bit Java on a 64 bit OS
#   Decrease Java heap size (-Xmx/-Xms)
#   Decrease number of Java threads
#   Decrease Java thread stack sizes (-Xss)
#   Set larger code cache with -XX:ReservedCodeCacheSize=
# This output file may be truncated or incomplete.
#
#  Out of Memory Error (allocation.cpp:390), pid=10720, tid=0x00000000000004a0
#
# JRE version: Java(TM) SE Runtime Environment (8.0_111-b14) (build 1.8.0_111-b14)
# Java VM: Java HotSpot(TM) 64-Bit Server VM (25.111-b14 mixed mode windows-amd64 compressed oops)
# Failed to write core dump. Minidumps are not enabled by default on client versions of Windows
#

---------------  T H R E A D  ---------------

Current thread (0x0000000019c10800):  JavaThread "C2 CompilerThread0" daemon [_thread_in_native, id=1184, stack(0x000000001a3e0000,0x000000001a4e0000)]

Stack: [0x000000001a3e0000,0x000000001a4e0000]
[error occurred during error reporting (printing stack bounds), id 0xc0000005]

Native frames: (J=compiled Java code, j=interpreted, Vv=VM code, C=native code)


Current CompileTask:
C2:  16999 5303       4       org.springframework.beans.factory.support.AbstractBeanFactory::isTypeMatch (607 bytes)


---------------  P R O C E S S  ---------------

Java Threads: ( => current thread )
  0x0000000019f1c800 JavaThread "container-0" [_thread_blocked, id=1904, stack(0x0000000023e30000,0x0000000023f30000)]
  0x0000000019f17000 JavaThread "Catalina-utility-2" [_thread_blocked, id=14948, stack(0x0000000023860000,0x0000000023960000)]
  0x0000000019f1b800 JavaThread "Catalina-utility-1" [_thread_blocked, id=4912, stack(0x0000000021550000,0x0000000021650000)]
  0x0000000019f1d000 JavaThread "HikariPool-1 connection adder" daemon [_thread_blocked, id=14396, stack(0x000000001fbb0000,0x000000001fcb0000)]
  0x0000000019f19800 JavaThread "HikariPool-1 housekeeper" daemon [_thread_blocked, id=12252, stack(0x000000001ea40000,0x000000001eb40000)]
  0x000000001f4b0800 JavaThread "mysql-cj-abandoned-connection-cleanup" daemon [_thread_blocked, id=19240, stack(0x000000001cc40000,0x000000001cd40000)]
  0x000000001b5a2800 JavaThread "restartedMain" [_thread_in_native, id=4252, stack(0x000000001c3f0000,0x000000001c4f0000)]
  0x000000001b5a2000 JavaThread "Thread-0" [_thread_blocked, id=2232, stack(0x000000001c2f0000,0x000000001c3f0000)]
  0x0000000019ca5800 JavaThread "Service Thread" daemon [_thread_blocked, id=12496, stack(0x000000001a7e0000,0x000000001a8e0000)]
  0x0000000019c27000 JavaThread "C1 CompilerThread3" daemon [_thread_in_native, id=20984, stack(0x000000001a6e0000,0x000000001a7e0000)]
  0x0000000019c22800 JavaThread "C2 CompilerThread2" daemon [_thread_in_native, id=12956, stack(0x000000001a5e0000,0x000000001a6e0000)]
  0x0000000019c16800 JavaThread "C2 CompilerThread1" daemon [_thread_in_native, id=19408, stack(0x000000001a4e0000,0x000000001a5e0000)]
=>0x0000000019c10800 JavaThread "C2 CompilerThread0" daemon [_thread_in_native, id=1184, stack(0x000000001a3e0000,0x000000001a4e0000)]
  0x0000000019c0e000 JavaThread "Attach Listener" daemon [_thread_blocked, id=18808, stack(0x000000001a2e0000,0x000000001a3e0000)]
  0x0000000019c0d000 JavaThread "Signal Dispatcher" daemon [_thread_blocked, id=21068, stack(0x000000001a1e0000,0x000000001a2e0000)]
  0x0000000002d8e000 JavaThread "Finalizer" daemon [_thread_blocked, id=14036, stack(0x0000000019fe0000,0x000000001a0e0000)]
  0x0000000002d8b000 JavaThread "Reference Handler" daemon [_thread_blocked, id=5280, stack(0x0000000019ae0000,0x0000000019be0000)]
  0x0000000002c97000 JavaThread "main" [_thread_blocked, id=13548, stack(0x0000000002b90000,0x0000000002c90000)]

Other Threads:
  0x0000000017d09000 VMThread [stack: 0x00000000199e0000,0x0000000019ae0000] [id=16612]
  0x0000000019cd2000 WatcherThread [stack: 0x000000001a8e0000,0x000000001a9e0000] [id=19276]

VM state:not at safepoint (normal execution)

VM Mutex/Monitor currently owned by a thread: None

Heap:
 PSYoungGen      total 271360K, used 24133K [0x00000000d5f00000, 0x00000000e7e80000, 0x0000000100000000)
  eden space 256000K, 9% used [0x00000000d5f00000,0x00000000d76914a0,0x00000000e5900000)
  from space 15360K, 0% used [0x00000000e6b00000,0x00000000e6b00000,0x00000000e7a00000)
  to   space 18432K, 0% used [0x00000000e5900000,0x00000000e5900000,0x00000000e6b00000)
 ParOldGen       total 114176K, used 27933K [0x0000000081c00000, 0x0000000088b80000, 0x00000000d5f00000)
  object space 114176K, 24% used [0x0000000081c00000,0x00000000837476e0,0x0000000088b80000)
 Metaspace       used 56792K, capacity 60304K, committed 60544K, reserved 1101824K
  class space    used 7887K, capacity 8476K, committed 8576K, reserved 1048576K

Card table byte_map: [0x0000000012150000,0x0000000012550000] byte_map_base: 0x0000000011d42000

Marking Bits: (ParMarkBitMap*) 0x000000006bafa6c0
 Begin Bits: [0x0000000013000000, 0x0000000014f90000)
 End Bits:   [0x0000000014f90000, 0x0000000016f20000)

Polling page: 0x0000000000dc0000

CodeCache: size=245760Kb used=17257Kb max_used=17257Kb free=228502Kb
 bounds [0x0000000002d90000, 0x0000000003e80000, 0x0000000011d90000]
 total_blobs=5446 nmethods=4918 adapters=439
 compilation: enabled

Compilation events (10 events):
Event: 16.799 Thread 0x0000000019c27000 5382       3       java.util.Locale::equals (75 bytes)
Event: 16.800 Thread 0x0000000019c27000 nmethod 5382 0x0000000003e67250 code [0x0000000003e67400, 0x0000000003e67c38]
Event: 16.844 Thread 0x0000000019c16800 nmethod 5348 0x0000000003e6d690 code [0x0000000003e6dae0, 0x0000000003e70688]
Event: 16.844 Thread 0x0000000019c16800 5344       4       org.springframework.core.ResolvableType::hasGenerics (14 bytes)
Event: 16.958 Thread 0x0000000019c27000 5383       1       java.util.LinkedList::size (5 bytes)
Event: 16.959 Thread 0x0000000019c27000 nmethod 5383 0x0000000003e6d3d0 code [0x0000000003e6d520, 0x0000000003e6d630]
Event: 16.965 Thread 0x0000000019c27000 5384       3       org.apache.juli.logging.DirectJDKLog::isDebugEnabled (11 bytes)
Event: 16.966 Thread 0x0000000019c27000 nmethod 5384 0x0000000003e6cdd0 code [0x0000000003e6cf40, 0x0000000003e6d2b0]
Event: 16.975 Thread 0x0000000019c27000 5385   !   3       java.net.URLClassLoader::getResourceAsStream (137 bytes)
Event: 16.976 Thread 0x0000000019c27000 nmethod 5385 0x0000000003e6b3d0 code [0x0000000003e6b600, 0x0000000003e6c668]

GC Heap History (10 events):
Event: 11.189 GC heap before
{Heap before GC invocations=9 (full 1):
 PSYoungGen      total 137728K, used 29396K [0x00000000d5f00000, 0x00000000e3700000, 0x0000000100000000)
  eden space 128000K, 15% used [0x00000000d5f00000,0x00000000d7239b80,0x00000000ddc00000)
  from space 9728K, 99% used [0x00000000ddc00000,0x00000000de57b6c8,0x00000000de580000)
  to   space 12800K, 0% used [0x00000000e2a80000,0x00000000e2a80000,0x00000000e3700000)
 ParOldGen       total 52736K, used 11571K [0x0000000081c00000, 0x0000000084f80000, 0x00000000d5f00000)
  object space 52736K, 21% used [0x0000000081c00000,0x000000008274cf90,0x0000000084f80000)
 Metaspace       used 33220K, capacity 35384K, committed 35496K, reserved 1079296K
  class space    used 4415K, capacity 4821K, committed 4864K, reserved 1048576K
Event: 11.197 GC heap after
Heap after GC invocations=9 (full 1):
 PSYoungGen      total 207872K, used 8863K [0x00000000d5f00000, 0x00000000e4780000, 0x0000000100000000)
  eden space 195072K, 0% used [0x00000000d5f00000,0x00000000d5f00000,0x00000000e1d80000)
  from space 12800K, 69% used [0x00000000e2a80000,0x00000000e3327e98,0x00000000e3700000)
  to   space 13312K, 0% used [0x00000000e1d80000,0x00000000e1d80000,0x00000000e2a80000)
 ParOldGen       total 52736K, used 11579K [0x0000000081c00000, 0x0000000084f80000, 0x00000000d5f00000)
  object space 52736K, 21% used [0x0000000081c00000,0x000000008274ef90,0x0000000084f80000)
 Metaspace       used 33220K, capacity 35384K, committed 35496K, reserved 1079296K
  class space    used 4415K, capacity 4821K, committed 4864K, reserved 1048576K
}
Event: 11.197 GC heap before
{Heap before GC invocations=10 (full 2):
 PSYoungGen      total 207872K, used 8863K [0x00000000d5f00000, 0x00000000e4780000, 0x0000000100000000)
  eden space 195072K, 0% used [0x00000000d5f00000,0x00000000d5f00000,0x00000000e1d80000)
  from space 12800K, 69% used [0x00000000e2a80000,0x00000000e3327e98,0x00000000e3700000)
  to   space 13312K, 0% used [0x00000000e1d80000,0x00000000e1d80000,0x00000000e2a80000)
 ParOldGen       total 52736K, used 11579K [0x0000000081c00000, 0x0000000084f80000, 0x00000000d5f00000)
  object space 52736K, 21% used [0x0000000081c00000,0x000000008274ef90,0x0000000084f80000)
 Metaspace       used 33220K, capacity 35384K, committed 35496K, reserved 1079296K
  class space    used 4415K, capacity 4821K, committed 4864K, reserved 1048576K
Event: 11.276 GC heap after
Heap after GC invocations=10 (full 2):
 PSYoungGen      total 207872K, used 0K [0x00000000d5f00000, 0x00000000e4780000, 0x0000000100000000)
  eden space 195072K, 0% used [0x00000000d5f00000,0x00000000d5f00000,0x00000000e1d80000)
  from space 12800K, 0% used [0x00000000e2a80000,0x00000000e2a80000,0x00000000e3700000)
  to   space 13312K, 0% used [0x00000000e1d80000,0x00000000e1d80000,0x00000000e2a80000)
 ParOldGen       total 75776K, used 12796K [0x0000000081c00000, 0x0000000086600000, 0x00000000d5f00000)
  object space 75776K, 16% used [0x0000000081c00000,0x000000008287f078,0x0000000086600000)
 Metaspace       used 33220K, capacity 35384K, committed 35496K, reserved 1079296K
  class space    used 4415K, capacity 4821K, committed 4864K, reserved 1048576K
}
Event: 14.118 GC heap before
{Heap before GC invocations=11 (full 2):
 PSYoungGen      total 207872K, used 195072K [0x00000000d5f00000, 0x00000000e4780000, 0x0000000100000000)
  eden space 195072K, 100% used [0x00000000d5f00000,0x00000000e1d80000,0x00000000e1d80000)
  from space 12800K, 0% used [0x00000000e2a80000,0x00000000e2a80000,0x00000000e3700000)
  to   space 13312K, 0% used [0x00000000e1d80000,0x00000000e1d80000,0x00000000e2a80000)
 ParOldGen       total 75776K, used 12796K [0x0000000081c00000, 0x0000000086600000, 0x00000000d5f00000)
  object space 75776K, 16% used [0x0000000081c00000,0x000000008287f078,0x0000000086600000)
 Metaspace       used 44319K, capacity 46842K, committed 46976K, reserved 1089536K
  class space    used 6073K, capacity 6505K, committed 6528K, reserved 1048576K
Event: 14.136 GC heap after
Heap after GC invocations=11 (full 2):
 PSYoungGen      total 208384K, used 13297K [0x00000000d5f00000, 0x00000000e7a00000, 0x0000000100000000)
  eden space 195072K, 0% used [0x00000000d5f00000,0x00000000d5f00000,0x00000000e1d80000)
  from space 13312K, 99% used [0x00000000e1d80000,0x00000000e2a7c4e0,0x00000000e2a80000)
  to   space 15360K, 0% used [0x00000000e6b00000,0x00000000e6b00000,0x00000000e7a00000)
 ParOldGen       total 75776K, used 13435K [0x0000000081c00000, 0x0000000086600000, 0x00000000d5f00000)
  object space 75776K, 17% used [0x0000000081c00000,0x000000008291ef30,0x0000000086600000)
 Metaspace       used 44319K, capacity 46842K, committed 46976K, reserved 1089536K
  class space    used 6073K, capacity 6505K, committed 6528K, reserved 1048576K
}
Event: 16.246 GC heap before
{Heap before GC invocations=12 (full 2):
 PSYoungGen      total 208384K, used 151417K [0x00000000d5f00000, 0x00000000e7a00000, 0x0000000100000000)
  eden space 195072K, 70% used [0x00000000d5f00000,0x00000000de5e21b0,0x00000000e1d80000)
  from space 13312K, 99% used [0x00000000e1d80000,0x00000000e2a7c4e0,0x00000000e2a80000)
  to   space 15360K, 0% used [0x00000000e6b00000,0x00000000e6b00000,0x00000000e7a00000)
 ParOldGen       total 75776K, used 13435K [0x0000000081c00000, 0x0000000086600000, 0x00000000d5f00000)
  object space 75776K, 17% used [0x0000000081c00000,0x000000008291ef30,0x0000000086600000)
 Metaspace       used 55729K, capacity 59122K, committed 59160K, reserved 1099776K
  class space    used 7704K, capacity 8287K, committed 8320K, reserved 1048576K
Event: 16.266 GC heap after
Heap after GC invocations=12 (full 2):
 PSYoungGen      total 271360K, used 15352K [0x00000000d5f00000, 0x00000000e7e80000, 0x0000000100000000)
  eden space 256000K, 0% used [0x00000000d5f00000,0x00000000d5f00000,0x00000000e5900000)
  from space 15360K, 99% used [0x00000000e6b00000,0x00000000e79fe1e0,0x00000000e7a00000)
  to   space 18432K, 0% used [0x00000000e5900000,0x00000000e5900000,0x00000000e6b00000)
 ParOldGen       total 75776K, used 15435K [0x0000000081c00000, 0x0000000086600000, 0x00000000d5f00000)
  object space 75776K, 20% used [0x0000000081c00000,0x0000000082b12e20,0x0000000086600000)
 Metaspace       used 55729K, capacity 59122K, committed 59160K, reserved 1099776K
  class space    used 7704K, capacity 8287K, committed 8320K, reserved 1048576K
}
Event: 16.266 GC heap before
{Heap before GC invocations=13 (full 3):
 PSYoungGen      total 271360K, used 15352K [0x00000000d5f00000, 0x00000000e7e80000, 0x0000000100000000)
  eden space 256000K, 0% used [0x00000000d5f00000,0x00000000d5f00000,0x00000000e5900000)
  from space 15360K, 99% used [0x00000000e6b00000,0x00000000e79fe1e0,0x00000000e7a00000)
  to   space 18432K, 0% used [0x00000000e5900000,0x00000000e5900000,0x00000000e6b00000)
 ParOldGen       total 75776K, used 15435K [0x0000000081c00000, 0x0000000086600000, 0x00000000d5f00000)
  object space 75776K, 20% used [0x0000000081c00000,0x0000000082b12e20,0x0000000086600000)
 Metaspace       used 55729K, capacity 59122K, committed 59160K, reserved 1099776K
  class space    used 7704K, capacity 8287K, committed 8320K, reserved 1048576K
Event: 16.493 GC heap after
Heap after GC invocations=13 (full 3):
 PSYoungGen      total 271360K, used 0K [0x00000000d5f00000, 0x00000000e7e80000, 0x0000000100000000)
  eden space 256000K, 0% used [0x00000000d5f00000,0x00000000d5f00000,0x00000000e5900000)
  from space 15360K, 0% used [0x00000000e6b00000,0x00000000e6b00000,0x00000000e7a00000)
  to   space 18432K, 0% used [0x00000000e5900000,0x00000000e5900000,0x00000000e6b00000)
 ParOldGen       total 114176K, used 27933K [0x0000000081c00000, 0x0000000088b80000, 0x00000000d5f00000)
  object space 114176K, 24% used [0x0000000081c00000,0x00000000837476e0,0x0000000088b80000)
 Metaspace       used 55729K, capacity 59122K, committed 59160K, reserved 1099776K
  class space    used 7704K, capacity 8287K, committed 8320K, reserved 1048576K
}

Deoptimization events (10 events):
Event: 16.616 Thread 0x000000001b5a2800 Uncommon trap: reason=null_check action=make_not_entrant pc=0x0000000003812198 method=org.springframework.aop.framework.autoproxy.AbstractAutoProxyCreator.predictBeanType(Ljava/lang/Class;Ljava/lang/String;)Ljava/lang/Class; @ 31
Event: 16.638 Thread 0x000000001b5a2800 Uncommon trap: reason=predicate action=maybe_recompile pc=0x0000000003df7874 method=org.springframework.core.annotation.AnnotationsScanner.processClassInheritedAnnotations(Ljava/lang/Object;Ljava/lang/Class;Lorg/springframework/core/annotation/MergedAnnot
Event: 16.641 Thread 0x000000001b5a2800 Uncommon trap: reason=unstable_if action=reinterpret pc=0x000000000328656c method=java.util.concurrent.ConcurrentHashMap.transfer([Ljava/util/concurrent/ConcurrentHashMap$Node;[Ljava/util/concurrent/ConcurrentHashMap$Node;)V @ 356
Event: 16.646 Thread 0x000000001b5a2800 Uncommon trap: reason=unstable_if action=reinterpret pc=0x000000000388167c method=org.springframework.core.annotation.AnnotationsScanner.processClassHierarchy(Ljava/lang/Object;[ILjava/lang/Class;Lorg/springframework/core/annotation/AnnotationsProcessor;Z
Event: 16.664 Thread 0x000000001b5a2800 Uncommon trap: reason=class_check action=maybe_recompile pc=0x0000000003dbe3e0 method=java.lang.reflect.Array.newInstance(Ljava/lang/Class;I)Ljava/lang/Object; @ 2
Event: 16.665 Thread 0x000000001b5a2800 Uncommon trap: reason=class_check action=maybe_recompile pc=0x0000000003dbe3e0 method=java.lang.reflect.Array.newInstance(Ljava/lang/Class;I)Ljava/lang/Object; @ 2
Event: 16.665 Thread 0x000000001b5a2800 Uncommon trap: reason=bimorphic action=maybe_recompile pc=0x00000000035a43e0 method=java.util.Collections$SetFromMap.contains(Ljava/lang/Object;)Z @ 5
Event: 16.679 Thread 0x000000001b5a2800 Uncommon trap: reason=class_check action=maybe_recompile pc=0x0000000003dbe3e0 method=java.lang.reflect.Array.newInstance(Ljava/lang/Class;I)Ljava/lang/Object; @ 2
Event: 16.679 Thread 0x000000001b5a2800 Uncommon trap: reason=class_check action=maybe_recompile pc=0x0000000003dbe3e0 method=java.lang.reflect.Array.newInstance(Ljava/lang/Class;I)Ljava/lang/Object; @ 2
Event: 16.784 Thread 0x000000001b5a2800 Uncommon trap: reason=unstable_if action=reinterpret pc=0x0000000003293654 method=java.util.HashMap.resize()[Ljava/util/HashMap$Node; @ 206

Internal exceptions (10 events):
Event: 16.694 Thread 0x000000001b5a2800 Exception <a 'java/lang/ClassNotFoundException': org/springframework/web/servlet/config/annotation/WebMvcConfigurationSupportCustomizer> (0x00000000d698ce40) thrown at [C:\re\workspace\8-2-build-windows-amd64-cygwin\jdk8u111\7883\hotspot\src\share\vm\clas
Event: 16.696 Thread 0x000000001b5a2800 Exception <a 'java/lang/ClassNotFoundException': org/springframework/web/servlet/config/annotation/DelegatingWebMvcConfigurationCustomizer> (0x00000000d69c87f8) thrown at [C:\re\workspace\8-2-build-windows-amd64-cygwin\jdk8u111\7883\hotspot\src\share\vm\c
Event: 16.698 Thread 0x000000001b5a2800 Exception <a 'java/lang/ClassNotFoundException': org/springframework/boot/autoconfigure/web/servlet/WebMvcAutoConfiguration$EnableWebMvcConfigurationCustomizer> (0x00000000d69f7b18) thrown at [C:\re\workspace\8-2-build-windows-amd64-cygwin\jdk8u111\7883\h
Event: 16.700 Thread 0x000000001b5a2800 Exception <a 'java/lang/ClassNotFoundException': org/springframework/context/ResourceLoaderAwareCustomizer> (0x00000000d6a28220) thrown at [C:\re\workspace\8-2-build-windows-amd64-cygwin\jdk8u111\7883\hotspot\src\share\vm\classfile\systemDictionary.cpp, l
Event: 16.702 Thread 0x000000001b5a2800 Exception <a 'java/lang/ClassNotFoundException': org/springframework/beans/factory/AwareCustomizer> (0x00000000d6a42328) thrown at [C:\re\workspace\8-2-build-windows-amd64-cygwin\jdk8u111\7883\hotspot\src\share\vm\classfile\systemDictionary.cpp, line 210]
Event: 16.707 Thread 0x000000001b5a2800 Exception <a 'java/lang/ClassNotFoundException': org/springframework/context/ApplicationContextAwareCustomizer> (0x00000000d6a5ed98) thrown at [C:\re\workspace\8-2-build-windows-amd64-cygwin\jdk8u111\7883\hotspot\src\share\vm\classfile\systemDictionary.cp
Event: 16.709 Thread 0x000000001b5a2800 Exception <a 'java/lang/ClassNotFoundException': org/springframework/beans/factory/AwareCustomizer> (0x00000000d6a794a8) thrown at [C:\re\workspace\8-2-build-windows-amd64-cygwin\jdk8u111\7883\hotspot\src\share\vm\classfile\systemDictionary.cpp, line 210]
Event: 16.711 Thread 0x000000001b5a2800 Exception <a 'java/lang/ClassNotFoundException': org/springframework/web/context/ServletContextAwareCustomizer> (0x00000000d6a95f20) thrown at [C:\re\workspace\8-2-build-windows-amd64-cygwin\jdk8u111\7883\hotspot\src\share\vm\classfile\systemDictionary.cp
Event: 16.712 Thread 0x000000001b5a2800 Exception <a 'java/lang/ClassNotFoundException': org/springframework/beans/factory/AwareCustomizer> (0x00000000d6ab00a0) thrown at [C:\re\workspace\8-2-build-windows-amd64-cygwin\jdk8u111\7883\hotspot\src\share\vm\classfile\systemDictionary.cpp, line 210]
Event: 16.959 Thread 0x000000001b5a2800 Exception <a 'java/io/FileNotFoundException'> (0x00000000d71abd38) thrown at [C:\re\workspace\8-2-build-windows-amd64-cygwin\jdk8u111\7883\hotspot\src\share\vm\prims\jni.cpp, line 709]

Events (10 events):
Event: 16.978 loading class org/springframework/boot/web/context/WebServerGracefulShutdownLifecycle
Event: 16.978 loading class org/springframework/boot/web/context/WebServerGracefulShutdownLifecycle done
Event: 16.979 loading class org/springframework/context/SmartLifecycle
Event: 16.979 loading class org/springframework/context/SmartLifecycle done
Event: 16.979 loading class org/springframework/context/Phased
Event: 16.979 loading class org/springframework/context/Phased done
Event: 16.980 loading class org/springframework/boot/web/servlet/context/WebServerStartStopLifecycle
Event: 16.980 loading class org/springframework/boot/web/servlet/context/WebServerStartStopLifecycle done
Event: 16.980 loading class org/springframework/boot/web/servlet/context/ServletWebServerInitializedEvent
Event: 16.980 loading class org/springframework/boot/web/servlet/context/ServletWebServerInitializedEvent done


Dynamic libraries:
0x00007ff6dbcc0000 - 0x00007ff6dbcf7000 	C:\Program Files\Java\jdk1.8.0_111\bin\java.exe
0x00007ff994210000 - 0x00007ff994405000 	C:\WINDOWS\SYSTEM32\ntdll.dll
0x00007ff993f70000 - 0x00007ff99402e000 	C:\WINDOWS\System32\KERNEL32.DLL
0x00007ff991d40000 - 0x00007ff992008000 	C:\WINDOWS\System32\KERNELBASE.dll
0x00007ff992f30000 - 0x00007ff992fde000 	C:\WINDOWS\System32\ADVAPI32.dll
0x00007ff993c00000 - 0x00007ff993c9e000 	C:\WINDOWS\System32\msvcrt.dll
0x00007ff992690000 - 0x00007ff99272c000 	C:\WINDOWS\System32\sechost.dll
0x00007ff994030000 - 0x00007ff994155000 	C:\WINDOWS\System32\RPCRT4.dll
0x00007ff992fe0000 - 0x00007ff993180000 	C:\WINDOWS\System32\USER32.dll
0x00007ff992180000 - 0x00007ff9921a2000 	C:\WINDOWS\System32\win32u.dll
0x00007ff9941a0000 - 0x00007ff9941cb000 	C:\WINDOWS\System32\GDI32.dll
0x00007ff9919d0000 - 0x00007ff991adb000 	C:\WINDOWS\System32\gdi32full.dll
0x00007ff991930000 - 0x00007ff9919cd000 	C:\WINDOWS\System32\msvcp_win.dll
0x00007ff992010000 - 0x00007ff992110000 	C:\WINDOWS\System32\ucrtbase.dll
0x00007ff971320000 - 0x00007ff9715ba000 	C:\WINDOWS\WinSxS\amd64_microsoft.windows.common-controls_6595b64144ccf1df_6.0.19041.1110_none_60b5254171f9507e\COMCTL32.dll
0x00007ff994160000 - 0x00007ff994190000 	C:\WINDOWS\System32\IMM32.DLL
0x000000006bb80000 - 0x000000006bc52000 	C:\Program Files\Java\jdk1.8.0_111\jre\bin\msvcr100.dll
0x000000006b2e0000 - 0x000000006bb7a000 	C:\Program Files\Java\jdk1.8.0_111\jre\bin\server\jvm.dll
0x00007ff994190000 - 0x00007ff994198000 	C:\WINDOWS\System32\PSAPI.DLL
0x00007ff98b2b0000 - 0x00007ff98b2ba000 	C:\WINDOWS\SYSTEM32\VERSION.dll
0x00007ff97ae10000 - 0x00007ff97ae19000 	C:\WINDOWS\SYSTEM32\WSOCK32.dll
0x00007ff97fd70000 - 0x00007ff97fd97000 	C:\WINDOWS\SYSTEM32\WINMM.dll
0x00007ff992df0000 - 0x00007ff992e5b000 	C:\WINDOWS\System32\WS2_32.dll
0x000000006b2d0000 - 0x000000006b2df000 	C:\Program Files\Java\jdk1.8.0_111\jre\bin\verify.dll
0x000000006b2a0000 - 0x000000006b2c9000 	C:\Program Files\Java\jdk1.8.0_111\jre\bin\java.dll
0x000000006b280000 - 0x000000006b296000 	C:\Program Files\Java\jdk1.8.0_111\jre\bin\zip.dll
0x00007ff993240000 - 0x00007ff993984000 	C:\WINDOWS\System32\SHELL32.dll
0x00007ff98fa40000 - 0x00007ff9901d4000 	C:\WINDOWS\SYSTEM32\windows.storage.dll
0x00007ff992270000 - 0x00007ff9925c4000 	C:\WINDOWS\System32\combase.dll
0x00007ff991390000 - 0x00007ff9913bc000 	C:\WINDOWS\SYSTEM32\Wldp.dll
0x00007ff9925d0000 - 0x00007ff99267d000 	C:\WINDOWS\System32\SHCORE.dll
0x00007ff993180000 - 0x00007ff9931d5000 	C:\WINDOWS\System32\shlwapi.dll
0x00007ff991870000 - 0x00007ff99188f000 	C:\WINDOWS\SYSTEM32\profapi.dll
0x000000006b230000 - 0x000000006b23d000 	C:\Program Files\Java\jdk1.8.0_111\jre\bin\management.dll
0x000000006b260000 - 0x000000006b27a000 	C:\Program Files\Java\jdk1.8.0_111\jre\bin\net.dll
0x00007ff9910f0000 - 0x00007ff99115a000 	C:\WINDOWS\system32\mswsock.dll
0x00007ff9772e0000 - 0x00007ff9772f7000 	C:\WINDOWS\system32\napinsp.dll
0x00007ff9772a0000 - 0x00007ff9772bb000 	C:\WINDOWS\system32\pnrpnsp.dll
0x00007ff98c7b0000 - 0x00007ff98c7c5000 	C:\WINDOWS\system32\wshbth.dll
0x00007ff98d180000 - 0x00007ff98d19d000 	C:\WINDOWS\system32\NLAapi.dll
0x00007ff990d90000 - 0x00007ff990dcb000 	C:\WINDOWS\SYSTEM32\IPHLPAPI.DLL
0x00007ff990de0000 - 0x00007ff990eaa000 	C:\WINDOWS\SYSTEM32\DNSAPI.dll
0x00007ff992970000 - 0x00007ff992978000 	C:\WINDOWS\System32\NSI.dll
0x00007ff977280000 - 0x00007ff977292000 	C:\WINDOWS\System32\winrnr.dll
0x000000006c030000 - 0x000000006c03a000 	D:\emon\install soft\Shared\mDNS Responder\nimdnsNSP.dll
0x000000006c020000 - 0x000000006c030000 	C:\WINDOWS\SYSTEM32\nimdnsResponder.dll
0x00007ff980e10000 - 0x00007ff980e29000 	C:\WINDOWS\SYSTEM32\VCRUNTIME140.dll
0x00007ff985da0000 - 0x00007ff985daa000 	C:\Windows\System32\rasadhlp.dll
0x00007ff985cc0000 - 0x00007ff985d3f000 	C:\WINDOWS\System32\fwpuclnt.dll
0x00007ff9921b0000 - 0x00007ff9921d7000 	C:\WINDOWS\System32\bcrypt.dll
0x000000006b240000 - 0x000000006b251000 	C:\Program Files\Java\jdk1.8.0_111\jre\bin\nio.dll
0x00007ff9912f0000 - 0x00007ff991308000 	C:\WINDOWS\SYSTEM32\CRYPTSP.dll
0x00007ff990a00000 - 0x00007ff990a34000 	C:\WINDOWS\system32\rsaenh.dll
0x00007ff991830000 - 0x00007ff99185e000 	C:\WINDOWS\SYSTEM32\USERENV.dll
0x00007ff9921e0000 - 0x00007ff992262000 	C:\WINDOWS\System32\bcryptprimitives.dll
0x00007ff9912e0000 - 0x00007ff9912ec000 	C:\WINDOWS\SYSTEM32\CRYPTBASE.dll
0x00007ff989fb0000 - 0x00007ff989fc7000 	C:\WINDOWS\SYSTEM32\dhcpcsvc6.DLL
0x00007ff989f70000 - 0x00007ff989f8d000 	C:\WINDOWS\SYSTEM32\dhcpcsvc.DLL
0x000000006b200000 - 0x000000006b224000 	C:\Program Files\Java\jdk1.8.0_111\jre\bin\sunec.dll
0x000000006b1f0000 - 0x000000006b1fb000 	C:\Program Files\Java\jdk1.8.0_111\jre\bin\sunmscapi.dll
0x00007ff991ae0000 - 0x00007ff991c36000 	C:\WINDOWS\System32\CRYPT32.dll

VM Arguments:
jvm_args: -Dfile.encoding=windows-1252 -Duser.country=US -Duser.language=en -Duser.variant 
java_command: com.census.support.CensusSupportApplication
java_class_path (initial): E:\Census-21SupportTicket\census_support_ticket\Backend\build\classes\java\main;E:\Census-21SupportTicket\census_support_ticket\Backend\build\resources\main;C:\Users\WALTON\.gradle\caches\modules-2\files-2.1\org.springframework.boot\spring-boot-devtools\2.6.6\3bdabbed9094dbccd19b6718fe083c4866f60798\spring-boot-devtools-2.6.6.jar;C:\Users\WALTON\.gradle\caches\modules-2\files-2.1\org.springframework.boot\spring-boot-starter-web\2.6.6\7aa73898044e9fb7dc71dbf4d4e0f2fbcc7ce25f\spring-boot-starter-web-2.6.6.jar;C:\Users\WALTON\.gradle\caches\modules-2\files-2.1\org.springframework.boot\spring-boot-starter-validation\2.6.6\bcebaa063294fa43d149deafa48892dfeaee4e6\spring-boot-starter-validation-2.6.6.jar;C:\Users\WALTON\.gradle\caches\modules-2\files-2.1\org.springframework.boot\spring-boot-starter-data-jpa\2.6.6\30942753cd29132913a5b642dc5b045c1cb18fd9\spring-boot-starter-data-jpa-2.6.6.jar;C:\Users\WALTON\.gradle\caches\modules-2\files-2.1\org.springframework.boot\spring-boot-starter-security\2.6.6\ec94a50b43f1dc868da98999ee607a88c3b538b5\spring-boot-starter-security-2.6.6.jar;C:\Users\WALTON\.gradle\caches\modules-2\files-2.1\io.jsonwebtoken\jjwt\0.9.1\54d2abfc3e63a28824d35bf600d6a5d627da681a\jjwt-0.9.1.jar;C:\Users\WALTON\.gradle\caches\modules-2\files-2.1\javax.xml.bind\jaxb-api\2.3.1\8531ad5ac454cc2deb9d4d32c40c4d7451939b5d\jaxb-api-2.3.1.jar;C:\Users\WALTON\.gradle\caches\modules-2\files-2.1\org.apache.commons\commons-lang3\3.0\8873bd0bb5cb9ee37f1b04578eb7e26fcdd44cb0\commons-lang3-3.0.jar;C:\Users\WALTON\.gradle\caches\modules-2\files-2.1\org.json\json\20211205\47032dcf2f69880f07dab3dc60b4b0ad97318308\json-20211205.jar;C:\Users\WALTON\.gradle\caches\modules-2\files-2.1\mysql\mysql-connector-java\8.0.28\33678b1729d4f832b9e4bcb2d5bbd67940920a7a\mysql-connector-java-8.0.28.jar;C:\Users\WALTON\.gradle\caches\modules-2\files-2.1\org.springframework.boot\spring-boot-starter-json\2.6.6\6f405fb0ebe73841e4494aa65cf2f91d7dc2ae7f\spring-boot-start
Launcher Type: SUN_STANDARD

Environment Variables:
JAVA_HOME=C:\Program Files\Java\jdk1.8.0_111
CLASSPATH=C:\Program Files\Java\UCanAccess-5.0.1.bin\lib\commons-lang3-3.8.1.jar;C:\Program Files\Java\UCanAccess-5.0.1.bin\lib\commons-logging-1.2.jar;C:\Program Files\Java\UCanAccess-5.0.1.bin\lib\hsqldb-2.5.0.jar;C:\Program Files\Java\UCanAccess-5.0.1.bin\lib\jackcess-3.0.1.jar;C:\Program Files\Java\UCanAccess-5.0.1.bin\lib\ucanaccess-5.0.1.jar
PATH=D:\emon\install soft\Shared\OpenVINO\;C:\Program Files\Java\jdk1.8.0_111\bin;C:\WINDOWS\System32;C:\Program Files\Java\jdk1.7.0_80\bin;C:\Python39\Scripts\;C:\Python39\;C:\Program Files\Common Files\Oracle\Java\javapath;C:\Program Files (x86)\STMicroelectronics\st_toolset\asm;C:\instantclient_19_5;E:\app\product\11.2.0\dbhome_1\bin;C:\Program Files (x86)\Common Files\Oracle\Java\javapath;C:\WINDOWS;C:\WINDOWS\System32\Wbem;C:\WINDOWS\System32\WindowsPowerShell\v1.0\;C:\WINDOWS\System32\OpenSSH\;C:\Program Files\Intel\WiFi\bin\;C:\Program Files\Common Files\Intel\WirelessCommon\;C:\Program Files\TortoiseSVN\bin;C:\Program Files\TortoiseGit\bin;C:\Program Files\Git\cmd;C:\Program Files (x86)\Microsoft SQL Server\110\Tools\Binn\;C:\Program Files (x86)\Microsoft SQL Server\110\DTS\Binn\;C:\Program Files (x86)\Microsoft SQL Server\110\Tools\Binn\ManagementStudio\;C:\php;C:\Users\WALTON\AppData\Roaming\Composer\vendor\bin;C:\xampp\php;C:\ProgramData\ComposerSetup\bin;C:\Program Files\nodejs\;C:\Program Files\dotnet\;C:\Windows\SysWOW64;C:\Program Files (x86)\Microsoft SQL Server\150\DTS\Binn\;C:\Program Files\Microsoft SQL Server\130\Tools\Binn\;C:\Program Files\Microsoft SQL Server\Client SDK\ODBC\170\Tools\Binn\;C:\grails-2.1.1\grails-2.1.1\bin;C:\groovy-3.0.8\bin;C:\Program Files\MySQL\MySQL Shell 8.0\bin\;C:\Users\WALTON\AppData\Local\Microsoft\WindowsApps;C:\Program Files\Intel\WiFi\bin\;C:\Program Files\Common Files\Intel\WirelessCommon\;C:\Users\WALTON\AppData\Local\Android\Sdk\platform-tools;C:\Users\WALTON\AppData\Local\Programs\Microsoft VS Code\bin;C:\Program Files (x86)\COSMIC\FSE_Compilers\CXSTM8;C:\Program Files (x86)\COSMIC\FSE_Compilers\CXSTM32;C:\Users\WALTON\AppData\Roaming\npm;C:\Users\WALTON\.dotnet\tools;C:\Windows\SysWOW64;C:\Program Files\Azure Data Studio\bin;
USERNAME=WALTON
OS=Windows_NT
PROCESSOR_IDENTIFIER=Intel64 Family 6 Model 142 Stepping 10, GenuineIntel



---------------  S Y S T E M  ---------------

OS: Windows 10.0 , 64 bit Build 19041 (10.0.19041.1566)

CPU:total 8 (4 cores per cpu, 2 threads per core) family 6 model 142 stepping 10, cmov, cx8, fxsr, mmx, sse, sse2, sse3, ssse3, sse4.1, sse4.2, popcnt, avx, avx2, aes, clmul, erms, 3dnowpref, lzcnt, ht, tsc, tscinvbit, bmi1, bmi2, adx

Memory: 4k page, physical 8268676k(130996k free), swap 33434500k(5380k free)

vm_info: Java HotSpot(TM) 64-Bit Server VM (25.111-b14) for windows-amd64 JRE (1.8.0_111-b14), built on Sep 22 2016 19:24:05 by "java_re" with MS VC++ 10.0 (VS2010)

time: Mon Apr 25 15:41:41 2022
elapsed time: 17 seconds (0d 0h 0m 17s)

