#
# There is insufficient memory for the Java Runtime Environment to continue.
# Native memory allocation (malloc) failed to allocate 32744 bytes for ChunkPool::allocate
# Possible reasons:
#   The system is out of physical RAM or swap space
#   In 32 bit mode, the process size limit was hit
# Possible solutions:
#   Reduce memory load on the system
#   Increase physical memory or swap space
#   Check if swap backing store is full
#   Use 64 bit Java on a 64 bit OS
#   Decrease Java heap size (-Xmx/-Xms)
#   Decrease number of Java threads
#   Decrease Java thread stack sizes (-Xss)
#   Set larger code cache with -XX:ReservedCodeCacheSize=
# This output file may be truncated or incomplete.
#
#  Out of Memory Error (allocation.cpp:273), pid=20820, tid=0x0000000000004bd0
#
# JRE version: Java(TM) SE Runtime Environment (8.0_111-b14) (build 1.8.0_111-b14)
# Java VM: Java HotSpot(TM) 64-Bit Server VM (25.111-b14 mixed mode windows-amd64 compressed oops)
# Failed to write core dump. Minidumps are not enabled by default on client versions of Windows
#

---------------  T H R E A D  ---------------

Current thread (0x0000000019609000):  JavaThread "C2 CompilerThread2" daemon [_thread_in_native, id=19408, stack(0x0000000019fd0000,0x000000001a0d0000)]

Stack: [0x0000000019fd0000,0x000000001a0d0000]
[error occurred during error reporting (printing stack bounds), id 0xc0000005]

Native frames: (J=compiled Java code, j=interpreted, Vv=VM code, C=native code)


Current CompileTask:
C2:  61907 13076       4       org.hibernate.engine.loading.internal.CollectionLoadContext::endLoadingCollection (362 bytes)


---------------  P R O C E S S  ---------------

Java Threads: ( => current thread )
  0x000000001b055000 JavaThread "HikariPool-1 connection adder" daemon [_thread_blocked, id=5280, stack(0x0000000026d50000,0x0000000026e50000)]
  0x000000001b052000 JavaThread "DestroyJavaVM" [_thread_blocked, id=3824, stack(0x0000000002500000,0x0000000002600000)]
  0x000000001b057800 JavaThread "http-nio-7272-Acceptor" daemon [_thread_in_native, id=10408, stack(0x0000000026a50000,0x0000000026b50000)]
  0x000000001b056800 JavaThread "http-nio-7272-Poller" daemon [_thread_in_native, id=9760, stack(0x0000000026950000,0x0000000026a50000)]
  0x000000001b053800 JavaThread "http-nio-7272-exec-10" daemon [_thread_in_native, id=13548, stack(0x0000000026850000,0x0000000026950000)]
  0x000000001b054800 JavaThread "http-nio-7272-exec-9" daemon [_thread_blocked, id=17280, stack(0x0000000026750000,0x0000000026850000)]
  0x000000001b053000 JavaThread "http-nio-7272-exec-8" daemon [_thread_blocked, id=15744, stack(0x0000000026650000,0x0000000026750000)]
  0x000000001b04b000 JavaThread "http-nio-7272-exec-7" daemon [_thread_in_Java, id=15012, stack(0x00000000262a0000,0x00000000263a0000)]
  0x000000001b04a800 JavaThread "http-nio-7272-exec-6" daemon [_thread_blocked, id=16480, stack(0x00000000261a0000,0x00000000262a0000)]
  0x000000001b051800 JavaThread "http-nio-7272-exec-5" daemon [_thread_in_native, id=10964, stack(0x00000000260a0000,0x00000000261a0000)]
  0x000000001b049800 JavaThread "http-nio-7272-exec-4" daemon [_thread_in_native, id=7456, stack(0x0000000025fa0000,0x00000000260a0000)]
  0x000000001b050800 JavaThread "http-nio-7272-exec-3" daemon [_thread_in_native, id=18704, stack(0x0000000024c20000,0x0000000024d20000)]
  0x000000001b050000 JavaThread "http-nio-7272-exec-2" daemon [_thread_in_native, id=6080, stack(0x0000000024b20000,0x0000000024c20000)]
  0x000000001b04e800 JavaThread "http-nio-7272-exec-1" daemon [_thread_blocked, id=10372, stack(0x0000000024920000,0x0000000024a20000)]
  0x000000001b04d000 JavaThread "Live Reload Server" daemon [_thread_in_native, id=17776, stack(0x0000000024a20000,0x0000000024b20000)]
  0x000000001b04c000 JavaThread "File Watcher" daemon [_thread_blocked, id=18812, stack(0x0000000023590000,0x0000000023690000)]
  0x000000001a923000 JavaThread "container-0" [_thread_blocked, id=8596, stack(0x0000000024620000,0x0000000024720000)]
  0x000000001a924000 JavaThread "Catalina-utility-2" [_thread_blocked, id=4860, stack(0x0000000023fd0000,0x00000000240d0000)]
  0x000000001a924800 JavaThread "Catalina-utility-1" [_thread_blocked, id=17984, stack(0x0000000023a90000,0x0000000023b90000)]
  0x000000001a925800 JavaThread "HikariPool-1 housekeeper" daemon [_thread_blocked, id=11156, stack(0x0000000021280000,0x0000000021380000)]
  0x000000001e4db000 JavaThread "mysql-cj-abandoned-connection-cleanup" daemon [_thread_blocked, id=14920, stack(0x000000001c620000,0x000000001c720000)]
  0x0000000019689000 JavaThread "Service Thread" daemon [_thread_blocked, id=9716, stack(0x000000001a1d0000,0x000000001a2d0000)]
  0x000000001960c000 JavaThread "C1 CompilerThread3" daemon [_thread_blocked, id=20188, stack(0x000000001a0d0000,0x000000001a1d0000)]
=>0x0000000019609000 JavaThread "C2 CompilerThread2" daemon [_thread_in_native, id=19408, stack(0x0000000019fd0000,0x000000001a0d0000)]
  0x0000000019606000 JavaThread "C2 CompilerThread1" daemon [_thread_in_native, id=520, stack(0x0000000019ed0000,0x0000000019fd0000)]
  0x0000000019600800 JavaThread "C2 CompilerThread0" daemon [_thread_in_native, id=10720, stack(0x0000000019dd0000,0x0000000019ed0000)]
  0x00000000195fe000 JavaThread "Attach Listener" daemon [_thread_blocked, id=7412, stack(0x0000000019cd0000,0x0000000019dd0000)]
  0x00000000195fd000 JavaThread "Signal Dispatcher" daemon [_thread_blocked, id=8156, stack(0x0000000019bd0000,0x0000000019cd0000)]
  0x000000000275e800 JavaThread "Finalizer" daemon [_thread_blocked, id=2156, stack(0x00000000199d0000,0x0000000019ad0000)]
  0x000000000275b000 JavaThread "Reference Handler" daemon [_thread_blocked, id=15156, stack(0x00000000194d0000,0x00000000195d0000)]

Other Threads:
  0x00000000176d9000 VMThread [stack: 0x00000000193d0000,0x00000000194d0000] [id=16652]
  0x00000000196c8800 WatcherThread [stack: 0x000000001a2d0000,0x000000001a3d0000] [id=4892]

VM state:not at safepoint (normal execution)

VM Mutex/Monitor currently owned by a thread: None

Heap:
 PSYoungGen      total 370688K, used 240273K [0x00000000d5f00000, 0x00000000f2b00000, 0x0000000100000000)
  eden space 352256K, 67% used [0x00000000d5f00000,0x00000000e47c0720,0x00000000eb700000)
  from space 18432K, 10% used [0x00000000eb700000,0x00000000eb8e4010,0x00000000ec900000)
  to   space 18944K, 0% used [0x00000000f1880000,0x00000000f1880000,0x00000000f2b00000)
 ParOldGen       total 111104K, used 27688K [0x0000000081c00000, 0x0000000088880000, 0x00000000d5f00000)
  object space 111104K, 24% used [0x0000000081c00000,0x000000008370a0b8,0x0000000088880000)
 Metaspace       used 72306K, capacity 77408K, committed 77696K, reserved 1116160K
  class space    used 9485K, capacity 10288K, committed 10368K, reserved 1048576K

Card table byte_map: [0x0000000011b20000,0x0000000011f20000] byte_map_base: 0x0000000011712000

Marking Bits: (ParMarkBitMap*) 0x000000006bafa6c0
 Begin Bits: [0x00000000129d0000, 0x0000000014960000)
 End Bits:   [0x0000000014960000, 0x00000000168f0000)

Polling page: 0x0000000000b40000

CodeCache: size=245760Kb used=37928Kb max_used=39004Kb free=207831Kb
 bounds [0x0000000002760000, 0x0000000004f80000, 0x0000000011760000]
 total_blobs=11127 nmethods=10547 adapters=490
 compilation: enabled

Compilation events (10 events):
Event: 61.677 Thread 0x0000000019606000 nmethod 13079 0x0000000003b17410 code [0x0000000003b17620, 0x0000000003b18408]
Event: 61.677 Thread 0x0000000019606000 13081       4       org.hibernate.query.criteria.internal.QueryStructure::renderJoins (106 bytes)
Event: 61.679 Thread 0x0000000019606000 nmethod 13081 0x0000000004696f50 code [0x00000000046970a0, 0x0000000004697178]
Event: 61.680 Thread 0x0000000019606000 13082       4       org.apache.tomcat.util.threads.ThreadPoolExecutor::currentThreadShouldBeStopped (44 bytes)
Event: 61.684 Thread 0x0000000019606000 nmethod 13082 0x0000000003ae5090 code [0x0000000003ae51e0, 0x0000000003ae52d8]
Event: 61.684 Thread 0x0000000019606000 13080   !   4       sun.reflect.GeneratedMethodAccessor85::invoke (61 bytes)
Event: 61.686 Thread 0x0000000019606000 nmethod 13080 0x0000000004240250 code [0x00000000042403a0, 0x0000000004240468]
Event: 61.686 Thread 0x0000000019606000 13077       4       org.hibernate.collection.internal.AbstractPersistentCollection::setCurrentSession (99 bytes)
Event: 61.687 Thread 0x0000000019606000 nmethod 13077 0x000000000437a290 code [0x000000000437a3c0, 0x000000000437a458]
Event: 61.693 Thread 0x0000000019606000 13083   !   4       org.apache.coyote.Request::recycle (264 bytes)

GC Heap History (10 events):
Event: 13.349 GC heap before
{Heap before GC invocations=14 (full 3):
 PSYoungGen      total 217088K, used 9394K [0x00000000d5f00000, 0x00000000e9580000, 0x0000000100000000)
  eden space 200192K, 0% used [0x00000000d5f00000,0x00000000d5f00000,0x00000000e2280000)
  from space 16896K, 55% used [0x00000000e2280000,0x00000000e2baca90,0x00000000e3300000)
  to   space 16896K, 0% used [0x00000000e8500000,0x00000000e8500000,0x00000000e9580000)
 ParOldGen       total 87040K, used 19857K [0x0000000081c00000, 0x0000000087100000, 0x00000000d5f00000)
  object space 87040K, 22% used [0x0000000081c00000,0x0000000082f64480,0x0000000087100000)
 Metaspace       used 55729K, capacity 59122K, committed 59160K, reserved 1099776K
  class space    used 7715K, capacity 8287K, committed 8320K, reserved 1048576K
Event: 13.534 GC heap after
Heap after GC invocations=14 (full 3):
 PSYoungGen      total 217088K, used 0K [0x00000000d5f00000, 0x00000000e9580000, 0x0000000100000000)
  eden space 200192K, 0% used [0x00000000d5f00000,0x00000000d5f00000,0x00000000e2280000)
  from space 16896K, 0% used [0x00000000e2280000,0x00000000e2280000,0x00000000e3300000)
  to   space 16896K, 0% used [0x00000000e8500000,0x00000000e8500000,0x00000000e9580000)
 ParOldGen       total 111104K, used 20392K [0x0000000081c00000, 0x0000000088880000, 0x00000000d5f00000)
  object space 111104K, 18% used [0x0000000081c00000,0x0000000082fea118,0x0000000088880000)
 Metaspace       used 55729K, capacity 59122K, committed 59160K, reserved 1099776K
  class space    used 7715K, capacity 8287K, committed 8320K, reserved 1048576K
}
Event: 17.306 GC heap before
{Heap before GC invocations=15 (full 3):
 PSYoungGen      total 217088K, used 200192K [0x00000000d5f00000, 0x00000000e9580000, 0x0000000100000000)
  eden space 200192K, 100% used [0x00000000d5f00000,0x00000000e2280000,0x00000000e2280000)
  from space 16896K, 0% used [0x00000000e2280000,0x00000000e2280000,0x00000000e3300000)
  to   space 16896K, 0% used [0x00000000e8500000,0x00000000e8500000,0x00000000e9580000)
 ParOldGen       total 111104K, used 20392K [0x0000000081c00000, 0x0000000088880000, 0x00000000d5f00000)
  object space 111104K, 18% used [0x0000000081c00000,0x0000000082fea118,0x0000000088880000)
 Metaspace       used 66383K, capacity 70696K, committed 70784K, reserved 1110016K
  class space    used 9137K, capacity 9814K, committed 9856K, reserved 1048576K
Event: 17.328 GC heap after
Heap after GC invocations=15 (full 3):
 PSYoungGen      total 285184K, used 15072K [0x00000000d5f00000, 0x00000000e9400000, 0x0000000100000000)
  eden space 269824K, 0% used [0x00000000d5f00000,0x00000000d5f00000,0x00000000e6680000)
  from space 15360K, 98% used [0x00000000e8500000,0x00000000e93b8290,0x00000000e9400000)
  to   space 18432K, 0% used [0x00000000e7000000,0x00000000e7000000,0x00000000e8200000)
 ParOldGen       total 111104K, used 20400K [0x0000000081c00000, 0x0000000088880000, 0x00000000d5f00000)
  object space 111104K, 18% used [0x0000000081c00000,0x0000000082fec118,0x0000000088880000)
 Metaspace       used 66383K, capacity 70696K, committed 70784K, reserved 1110016K
  class space    used 9137K, capacity 9814K, committed 9856K, reserved 1048576K
}
Event: 40.433 GC heap before
{Heap before GC invocations=16 (full 3):
 PSYoungGen      total 285184K, used 284896K [0x00000000d5f00000, 0x00000000e9400000, 0x0000000100000000)
  eden space 269824K, 100% used [0x00000000d5f00000,0x00000000e6680000,0x00000000e6680000)
  from space 15360K, 98% used [0x00000000e8500000,0x00000000e93b8290,0x00000000e9400000)
  to   space 18432K, 0% used [0x00000000e7000000,0x00000000e7000000,0x00000000e8200000)
 ParOldGen       total 111104K, used 20400K [0x0000000081c00000, 0x0000000088880000, 0x00000000d5f00000)
  object space 111104K, 18% used [0x0000000081c00000,0x0000000082fec118,0x0000000088880000)
 Metaspace       used 72206K, capacity 77194K, committed 77440K, reserved 1116160K
  class space    used 9465K, capacity 10263K, committed 10368K, reserved 1048576K
Event: 40.457 GC heap after
Heap after GC invocations=16 (full 3):
 PSYoungGen      total 297984K, used 11102K [0x00000000d5f00000, 0x00000000edb00000, 0x0000000100000000)
  eden space 279552K, 0% used [0x00000000d5f00000,0x00000000d5f00000,0x00000000e7000000)
  from space 18432K, 60% used [0x00000000e7000000,0x00000000e7ad7810,0x00000000e8200000)
  to   space 18432K, 0% used [0x00000000ec900000,0x00000000ec900000,0x00000000edb00000)
 ParOldGen       total 111104K, used 20416K [0x0000000081c00000, 0x0000000088880000, 0x00000000d5f00000)
  object space 111104K, 18% used [0x0000000081c00000,0x0000000082ff0118,0x0000000088880000)
 Metaspace       used 72206K, capacity 77194K, committed 77440K, reserved 1116160K
  class space    used 9465K, capacity 10263K, committed 10368K, reserved 1048576K
}
Event: 48.417 GC heap before
{Heap before GC invocations=17 (full 3):
 PSYoungGen      total 297984K, used 290654K [0x00000000d5f00000, 0x00000000edb00000, 0x0000000100000000)
  eden space 279552K, 100% used [0x00000000d5f00000,0x00000000e7000000,0x00000000e7000000)
  from space 18432K, 60% used [0x00000000e7000000,0x00000000e7ad7810,0x00000000e8200000)
  to   space 18432K, 0% used [0x00000000ec900000,0x00000000ec900000,0x00000000edb00000)
 ParOldGen       total 111104K, used 20416K [0x0000000081c00000, 0x0000000088880000, 0x00000000d5f00000)
  object space 111104K, 18% used [0x0000000081c00000,0x0000000082ff0118,0x0000000088880000)
 Metaspace       used 72243K, capacity 77258K, committed 77440K, reserved 1116160K
  class space    used 9468K, capacity 10263K, committed 10368K, reserved 1048576K
Event: 48.435 GC heap after
Heap after GC invocations=17 (full 3):
 PSYoungGen      total 370688K, used 1840K [0x00000000d5f00000, 0x00000000edd00000, 0x0000000100000000)
  eden space 352256K, 0% used [0x00000000d5f00000,0x00000000d5f00000,0x00000000eb700000)
  from space 18432K, 9% used [0x00000000ec900000,0x00000000ecacc010,0x00000000edb00000)
  to   space 18432K, 0% used [0x00000000eb700000,0x00000000eb700000,0x00000000ec900000)
 ParOldGen       total 111104K, used 27680K [0x0000000081c00000, 0x0000000088880000, 0x00000000d5f00000)
  object space 111104K, 24% used [0x0000000081c00000,0x00000000837080b8,0x0000000088880000)
 Metaspace       used 72243K, capacity 77258K, committed 77440K, reserved 1116160K
  class space    used 9468K, capacity 10263K, committed 10368K, reserved 1048576K
}
Event: 57.375 GC heap before
{Heap before GC invocations=18 (full 3):
 PSYoungGen      total 370688K, used 354096K [0x00000000d5f00000, 0x00000000edd00000, 0x0000000100000000)
  eden space 352256K, 100% used [0x00000000d5f00000,0x00000000eb700000,0x00000000eb700000)
  from space 18432K, 9% used [0x00000000ec900000,0x00000000ecacc010,0x00000000edb00000)
  to   space 18432K, 0% used [0x00000000eb700000,0x00000000eb700000,0x00000000ec900000)
 ParOldGen       total 111104K, used 27680K [0x0000000081c00000, 0x0000000088880000, 0x00000000d5f00000)
  object space 111104K, 24% used [0x0000000081c00000,0x00000000837080b8,0x0000000088880000)
 Metaspace       used 72296K, capacity 77408K, committed 77696K, reserved 1116160K
  class space    used 9483K, capacity 10288K, committed 10368K, reserved 1048576K
Event: 57.392 GC heap after
Heap after GC invocations=18 (full 3):
 PSYoungGen      total 370688K, used 1936K [0x00000000d5f00000, 0x00000000f2b00000, 0x0000000100000000)
  eden space 352256K, 0% used [0x00000000d5f00000,0x00000000d5f00000,0x00000000eb700000)
  from space 18432K, 10% used [0x00000000eb700000,0x00000000eb8e4010,0x00000000ec900000)
  to   space 18944K, 0% used [0x00000000f1880000,0x00000000f1880000,0x00000000f2b00000)
 ParOldGen       total 111104K, used 27688K [0x0000000081c00000, 0x0000000088880000, 0x00000000d5f00000)
  object space 111104K, 24% used [0x0000000081c00000,0x000000008370a0b8,0x0000000088880000)
 Metaspace       used 72296K, capacity 77408K, committed 77696K, reserved 1116160K
  class space    used 9483K, capacity 10288K, committed 10368K, reserved 1048576K
}

Deoptimization events (10 events):
Event: 51.176 Thread 0x000000001b054800 Uncommon trap: reason=class_check action=maybe_recompile pc=0x0000000003939384 method=org.hibernate.dialect.pagination.LimitHandler.processSql(Ljava/lang/String;Lorg/hibernate/engine/spi/QueryParameters;)Ljava/lang/String; @ 6
Event: 51.177 Thread 0x000000001b054800 Uncommon trap: reason=class_check action=maybe_recompile pc=0x0000000003deb854 method=org.hibernate.dialect.pagination.AbstractLimitHandler.supportsLimitOffset()Z @ 1
Event: 51.186 Thread 0x000000001b054800 Uncommon trap: reason=unstable_if action=reinterpret pc=0x0000000004d9537c method=com.mysql.cj.jdbc.result.ResultSetImpl.<init>(Lcom/mysql/cj/protocol/ResultsetRows;Lcom/mysql/cj/jdbc/JdbcConnection;Lcom/mysql/cj/jdbc/StatementImpl;)V @ 724
Event: 51.186 Thread 0x000000001b054800 Uncommon trap: reason=class_check action=maybe_recompile pc=0x0000000003deb854 method=org.hibernate.dialect.pagination.AbstractLimitHandler.supportsLimitOffset()Z @ 1
Event: 51.187 Thread 0x000000001b054800 Uncommon trap: reason=speculate_class_check action=maybe_recompile pc=0x0000000004d76ef0 method=org.springframework.web.servlet.mvc.method.annotation.AbstractMessageConverterMethodProcessor.isResourceType(Ljava/lang/Object;Lorg/springframework/core/Method
Event: 51.188 Thread 0x000000001b054800 Uncommon trap: reason=unstable_if action=reinterpret pc=0x0000000002b18a30 method=com.fasterxml.jackson.databind.ser.BeanPropertyWriter.serializeAsField(Ljava/lang/Object;Lcom/fasterxml/jackson/core/JsonGenerator;Lcom/fasterxml/jackson/databind/Serializer
Event: 51.188 Thread 0x000000001b054800 Uncommon trap: reason=unstable_if action=reinterpret pc=0x0000000003a8f648 method=com.fasterxml.jackson.core.json.JsonWriteContext.writeValue()I @ 39
Event: 51.197 Thread 0x000000001b054800 Uncommon trap: reason=unstable_if action=reinterpret pc=0x00000000042155e4 method=com.fasterxml.jackson.core.json.JsonWriteContext.writeValue()I @ 39
Event: 51.198 Thread 0x000000001b054800 Uncommon trap: reason=unstable_if action=reinterpret pc=0x0000000004dcdce4 method=org.apache.coyote.http11.Http11Processor.checkMaxSwallowSize()V @ 19
Event: 51.225 Thread 0x000000001b054800 Uncommon trap: reason=unstable_if action=reinterpret pc=0x0000000003c69090 method=sun.nio.cs.ThreadLocalCoders$Cache.forName(Ljava/lang/Object;)Ljava/lang/Object; @ 66

Internal exceptions (10 events):
Event: 29.624 Thread 0x000000001b054800 Exception <a 'java/lang/ClassNotFoundException': java/lang/ObjectCustomizer> (0x00000000d801c058) thrown at [C:\re\workspace\8-2-build-windows-amd64-cygwin\jdk8u111\7883\hotspot\src\share\vm\classfile\systemDictionary.cpp, line 210]
Event: 29.625 Thread 0x000000001b049800 Exception <a 'java/lang/ClassNotFoundException': com/census/support/ticket/TicketCustomizer> (0x00000000d8fbd668) thrown at [C:\re\workspace\8-2-build-windows-amd64-cygwin\jdk8u111\7883\hotspot\src\share\vm\classfile\systemDictionary.cpp, line 210]
Event: 29.628 Thread 0x000000001b050000 Exception <a 'java/lang/ClassNotFoundException': java/lang/ObjectCustomizer> (0x00000000d886e680) thrown at [C:\re\workspace\8-2-build-windows-amd64-cygwin\jdk8u111\7883\hotspot\src\share\vm\classfile\systemDictionary.cpp, line 210]
Event: 29.632 Thread 0x000000001b054800 Exception <a 'java/lang/ClassNotFoundException': com/census/support/ticket/TicketCustomizer> (0x00000000d803aa50) thrown at [C:\re\workspace\8-2-build-windows-amd64-cygwin\jdk8u111\7883\hotspot\src\share\vm\classfile\systemDictionary.cpp, line 210]
Event: 29.632 Thread 0x000000001b04b000 Exception <a 'java/lang/ClassNotFoundException': java/lang/ObjectCustomizer> (0x00000000d7cf4240) thrown at [C:\re\workspace\8-2-build-windows-amd64-cygwin\jdk8u111\7883\hotspot\src\share\vm\classfile\systemDictionary.cpp, line 210]
Event: 29.633 Thread 0x000000001b050000 Exception <a 'java/lang/ClassNotFoundException': com/census/support/ticket/TicketCustomizer> (0x00000000d888d078) thrown at [C:\re\workspace\8-2-build-windows-amd64-cygwin\jdk8u111\7883\hotspot\src\share\vm\classfile\systemDictionary.cpp, line 210]
Event: 29.634 Thread 0x000000001b050800 Exception <a 'java/lang/ClassNotFoundException': java/lang/ObjectCustomizer> (0x00000000d8d26ef8) thrown at [C:\re\workspace\8-2-build-windows-amd64-cygwin\jdk8u111\7883\hotspot\src\share\vm\classfile\systemDictionary.cpp, line 210]
Event: 29.636 Thread 0x000000001b050800 Exception <a 'java/lang/ClassNotFoundException': com/census/support/ticket/TicketCustomizer> (0x00000000d8d458f0) thrown at [C:\re\workspace\8-2-build-windows-amd64-cygwin\jdk8u111\7883\hotspot\src\share\vm\classfile\systemDictionary.cpp, line 210]
Event: 29.641 Thread 0x000000001b04b000 Exception <a 'java/lang/ClassNotFoundException': com/census/support/ticket/TicketCustomizer> (0x00000000d90b2f78) thrown at [C:\re\workspace\8-2-build-windows-amd64-cygwin\jdk8u111\7883\hotspot\src\share\vm\classfile\systemDictionary.cpp, line 210]
Event: 30.468 Thread 0x000000001b054800 Implicit null exception at 0x000000000371f3a5 to 0x00000000037239f9

Events (10 events):
Event: 61.394 Thread 0x0000000019609000 flushing nmethod 0x000000000427e010
Event: 61.394 Thread 0x0000000019609000 flushing nmethod 0x0000000004294bd0
Event: 61.398 Thread 0x0000000019600800 flushing nmethod 0x00000000045a24d0
Event: 61.404 loading class org/hibernate/loader/Loader$1
Event: 61.404 loading class org/hibernate/loader/Loader$1 done
Event: 61.406 loading class org/hibernate/loader/spi/AfterLoadAction
Event: 61.406 loading class org/hibernate/loader/spi/AfterLoadAction done
Event: 61.450 Thread 0x0000000019609000 flushing nmethod 0x0000000004aa7c50
Event: 61.452 Thread 0x0000000019609000 flushing nmethod 0x0000000004bfc350
Event: 61.452 Thread 0x0000000019609000 flushing nmethod 0x0000000004c01010


Dynamic libraries:
0x00007ff6dbcc0000 - 0x00007ff6dbcf7000 	C:\Program Files\Java\jdk1.8.0_111\bin\java.exe
0x00007ff994210000 - 0x00007ff994405000 	C:\WINDOWS\SYSTEM32\ntdll.dll
0x00007ff993f70000 - 0x00007ff99402e000 	C:\WINDOWS\System32\KERNEL32.DLL
0x00007ff991d40000 - 0x00007ff992008000 	C:\WINDOWS\System32\KERNELBASE.dll
0x00007ff992f30000 - 0x00007ff992fde000 	C:\WINDOWS\System32\ADVAPI32.dll
0x00007ff993c00000 - 0x00007ff993c9e000 	C:\WINDOWS\System32\msvcrt.dll
0x00007ff992690000 - 0x00007ff99272c000 	C:\WINDOWS\System32\sechost.dll
0x00007ff994030000 - 0x00007ff994155000 	C:\WINDOWS\System32\RPCRT4.dll
0x00007ff992fe0000 - 0x00007ff993180000 	C:\WINDOWS\System32\USER32.dll
0x00007ff992180000 - 0x00007ff9921a2000 	C:\WINDOWS\System32\win32u.dll
0x00007ff9941a0000 - 0x00007ff9941cb000 	C:\WINDOWS\System32\GDI32.dll
0x00007ff9919d0000 - 0x00007ff991adb000 	C:\WINDOWS\System32\gdi32full.dll
0x00007ff991930000 - 0x00007ff9919cd000 	C:\WINDOWS\System32\msvcp_win.dll
0x00007ff992010000 - 0x00007ff992110000 	C:\WINDOWS\System32\ucrtbase.dll
0x00007ff971320000 - 0x00007ff9715ba000 	C:\WINDOWS\WinSxS\amd64_microsoft.windows.common-controls_6595b64144ccf1df_6.0.19041.1110_none_60b5254171f9507e\COMCTL32.dll
0x00007ff994160000 - 0x00007ff994190000 	C:\WINDOWS\System32\IMM32.DLL
0x000000006bb80000 - 0x000000006bc52000 	C:\Program Files\Java\jdk1.8.0_111\jre\bin\msvcr100.dll
0x000000006b2e0000 - 0x000000006bb7a000 	C:\Program Files\Java\jdk1.8.0_111\jre\bin\server\jvm.dll
0x00007ff994190000 - 0x00007ff994198000 	C:\WINDOWS\System32\PSAPI.DLL
0x00007ff97ae10000 - 0x00007ff97ae19000 	C:\WINDOWS\SYSTEM32\WSOCK32.dll
0x00007ff98b2b0000 - 0x00007ff98b2ba000 	C:\WINDOWS\SYSTEM32\VERSION.dll
0x00007ff992df0000 - 0x00007ff992e5b000 	C:\WINDOWS\System32\WS2_32.dll
0x00007ff97fd70000 - 0x00007ff97fd97000 	C:\WINDOWS\SYSTEM32\WINMM.dll
0x000000006b2d0000 - 0x000000006b2df000 	C:\Program Files\Java\jdk1.8.0_111\jre\bin\verify.dll
0x000000006b2a0000 - 0x000000006b2c9000 	C:\Program Files\Java\jdk1.8.0_111\jre\bin\java.dll
0x000000006b280000 - 0x000000006b296000 	C:\Program Files\Java\jdk1.8.0_111\jre\bin\zip.dll
0x00007ff993240000 - 0x00007ff993984000 	C:\WINDOWS\System32\SHELL32.dll
0x00007ff98fa40000 - 0x00007ff9901d4000 	C:\WINDOWS\SYSTEM32\windows.storage.dll
0x00007ff992270000 - 0x00007ff9925c4000 	C:\WINDOWS\System32\combase.dll
0x00007ff991390000 - 0x00007ff9913bc000 	C:\WINDOWS\SYSTEM32\Wldp.dll
0x00007ff9925d0000 - 0x00007ff99267d000 	C:\WINDOWS\System32\SHCORE.dll
0x00007ff993180000 - 0x00007ff9931d5000 	C:\WINDOWS\System32\shlwapi.dll
0x00007ff991870000 - 0x00007ff99188f000 	C:\WINDOWS\SYSTEM32\profapi.dll
0x000000006b230000 - 0x000000006b23d000 	C:\Program Files\Java\jdk1.8.0_111\jre\bin\management.dll
0x000000006b260000 - 0x000000006b27a000 	C:\Program Files\Java\jdk1.8.0_111\jre\bin\net.dll
0x00007ff9910f0000 - 0x00007ff99115a000 	C:\WINDOWS\system32\mswsock.dll
0x00007ff9772e0000 - 0x00007ff9772f7000 	C:\WINDOWS\system32\napinsp.dll
0x00007ff9772a0000 - 0x00007ff9772bb000 	C:\WINDOWS\system32\pnrpnsp.dll
0x00007ff98c7b0000 - 0x00007ff98c7c5000 	C:\WINDOWS\system32\wshbth.dll
0x00007ff98d180000 - 0x00007ff98d19d000 	C:\WINDOWS\system32\NLAapi.dll
0x00007ff990d90000 - 0x00007ff990dcb000 	C:\WINDOWS\SYSTEM32\IPHLPAPI.DLL
0x00007ff990de0000 - 0x00007ff990eaa000 	C:\WINDOWS\SYSTEM32\DNSAPI.dll
0x00007ff992970000 - 0x00007ff992978000 	C:\WINDOWS\System32\NSI.dll
0x00007ff977280000 - 0x00007ff977292000 	C:\WINDOWS\System32\winrnr.dll
0x000000006c030000 - 0x000000006c03a000 	D:\emon\install soft\Shared\mDNS Responder\nimdnsNSP.dll
0x00007ff980e10000 - 0x00007ff980e29000 	C:\WINDOWS\SYSTEM32\VCRUNTIME140.dll
0x000000006c020000 - 0x000000006c030000 	C:\WINDOWS\SYSTEM32\nimdnsResponder.dll
0x00007ff985da0000 - 0x00007ff985daa000 	C:\Windows\System32\rasadhlp.dll
0x00007ff985cc0000 - 0x00007ff985d3f000 	C:\WINDOWS\System32\fwpuclnt.dll
0x00007ff9921b0000 - 0x00007ff9921d7000 	C:\WINDOWS\System32\bcrypt.dll
0x000000006b240000 - 0x000000006b251000 	C:\Program Files\Java\jdk1.8.0_111\jre\bin\nio.dll
0x00007ff9912f0000 - 0x00007ff991308000 	C:\WINDOWS\SYSTEM32\CRYPTSP.dll
0x00007ff990a00000 - 0x00007ff990a34000 	C:\WINDOWS\system32\rsaenh.dll
0x00007ff991830000 - 0x00007ff99185e000 	C:\WINDOWS\SYSTEM32\USERENV.dll
0x00007ff9921e0000 - 0x00007ff992262000 	C:\WINDOWS\System32\bcryptprimitives.dll
0x00007ff9912e0000 - 0x00007ff9912ec000 	C:\WINDOWS\SYSTEM32\CRYPTBASE.dll
0x00007ff989fb0000 - 0x00007ff989fc7000 	C:\WINDOWS\SYSTEM32\dhcpcsvc6.DLL
0x00007ff989f70000 - 0x00007ff989f8d000 	C:\WINDOWS\SYSTEM32\dhcpcsvc.DLL
0x000000006b200000 - 0x000000006b224000 	C:\Program Files\Java\jdk1.8.0_111\jre\bin\sunec.dll
0x000000006b1f0000 - 0x000000006b1fb000 	C:\Program Files\Java\jdk1.8.0_111\jre\bin\sunmscapi.dll
0x00007ff991ae0000 - 0x00007ff991c36000 	C:\WINDOWS\System32\CRYPT32.dll

VM Arguments:
jvm_args: -Dfile.encoding=windows-1252 -Duser.country=US -Duser.language=en -Duser.variant 
java_command: com.census.support.CensusSupportApplication
java_class_path (initial): E:\Census-21SupportTicket\census_support_ticket\Backend\build\classes\java\main;E:\Census-21SupportTicket\census_support_ticket\Backend\build\resources\main;C:\Users\WALTON\.gradle\caches\modules-2\files-2.1\org.springframework.boot\spring-boot-devtools\2.6.6\3bdabbed9094dbccd19b6718fe083c4866f60798\spring-boot-devtools-2.6.6.jar;C:\Users\WALTON\.gradle\caches\modules-2\files-2.1\org.springframework.boot\spring-boot-starter-web\2.6.6\7aa73898044e9fb7dc71dbf4d4e0f2fbcc7ce25f\spring-boot-starter-web-2.6.6.jar;C:\Users\WALTON\.gradle\caches\modules-2\files-2.1\org.springframework.boot\spring-boot-starter-validation\2.6.6\bcebaa063294fa43d149deafa48892dfeaee4e6\spring-boot-starter-validation-2.6.6.jar;C:\Users\WALTON\.gradle\caches\modules-2\files-2.1\org.springframework.boot\spring-boot-starter-data-jpa\2.6.6\30942753cd29132913a5b642dc5b045c1cb18fd9\spring-boot-starter-data-jpa-2.6.6.jar;C:\Users\WALTON\.gradle\caches\modules-2\files-2.1\org.springframework.boot\spring-boot-starter-security\2.6.6\ec94a50b43f1dc868da98999ee607a88c3b538b5\spring-boot-starter-security-2.6.6.jar;C:\Users\WALTON\.gradle\caches\modules-2\files-2.1\io.jsonwebtoken\jjwt\0.9.1\54d2abfc3e63a28824d35bf600d6a5d627da681a\jjwt-0.9.1.jar;C:\Users\WALTON\.gradle\caches\modules-2\files-2.1\javax.xml.bind\jaxb-api\2.3.1\8531ad5ac454cc2deb9d4d32c40c4d7451939b5d\jaxb-api-2.3.1.jar;C:\Users\WALTON\.gradle\caches\modules-2\files-2.1\org.apache.commons\commons-lang3\3.0\8873bd0bb5cb9ee37f1b04578eb7e26fcdd44cb0\commons-lang3-3.0.jar;C:\Users\WALTON\.gradle\caches\modules-2\files-2.1\org.json\json\20211205\47032dcf2f69880f07dab3dc60b4b0ad97318308\json-20211205.jar;C:\Users\WALTON\.gradle\caches\modules-2\files-2.1\mysql\mysql-connector-java\8.0.28\33678b1729d4f832b9e4bcb2d5bbd67940920a7a\mysql-connector-java-8.0.28.jar;C:\Users\WALTON\.gradle\caches\modules-2\files-2.1\org.springframework.boot\spring-boot-starter-json\2.6.6\6f405fb0ebe73841e4494aa65cf2f91d7dc2ae7f\spring-boot-start
Launcher Type: SUN_STANDARD

Environment Variables:
JAVA_HOME=C:\Program Files\Java\jdk1.8.0_111
CLASSPATH=C:\Program Files\Java\UCanAccess-5.0.1.bin\lib\commons-lang3-3.8.1.jar;C:\Program Files\Java\UCanAccess-5.0.1.bin\lib\commons-logging-1.2.jar;C:\Program Files\Java\UCanAccess-5.0.1.bin\lib\hsqldb-2.5.0.jar;C:\Program Files\Java\UCanAccess-5.0.1.bin\lib\jackcess-3.0.1.jar;C:\Program Files\Java\UCanAccess-5.0.1.bin\lib\ucanaccess-5.0.1.jar
PATH=D:\emon\install soft\Shared\OpenVINO\;C:\Program Files\Java\jdk1.8.0_111\bin;C:\WINDOWS\System32;C:\Program Files\Java\jdk1.7.0_80\bin;C:\Python39\Scripts\;C:\Python39\;C:\Program Files\Common Files\Oracle\Java\javapath;C:\Program Files (x86)\STMicroelectronics\st_toolset\asm;C:\instantclient_19_5;E:\app\product\11.2.0\dbhome_1\bin;C:\Program Files (x86)\Common Files\Oracle\Java\javapath;C:\WINDOWS;C:\WINDOWS\System32\Wbem;C:\WINDOWS\System32\WindowsPowerShell\v1.0\;C:\WINDOWS\System32\OpenSSH\;C:\Program Files\Intel\WiFi\bin\;C:\Program Files\Common Files\Intel\WirelessCommon\;C:\Program Files\TortoiseSVN\bin;C:\Program Files\TortoiseGit\bin;C:\Program Files\Git\cmd;C:\Program Files (x86)\Microsoft SQL Server\110\Tools\Binn\;C:\Program Files (x86)\Microsoft SQL Server\110\DTS\Binn\;C:\Program Files (x86)\Microsoft SQL Server\110\Tools\Binn\ManagementStudio\;C:\php;C:\Users\WALTON\AppData\Roaming\Composer\vendor\bin;C:\xampp\php;C:\ProgramData\ComposerSetup\bin;C:\Program Files\nodejs\;C:\Program Files\dotnet\;C:\Windows\SysWOW64;C:\Program Files (x86)\Microsoft SQL Server\150\DTS\Binn\;C:\Program Files\Microsoft SQL Server\130\Tools\Binn\;C:\Program Files\Microsoft SQL Server\Client SDK\ODBC\170\Tools\Binn\;C:\grails-2.1.1\grails-2.1.1\bin;C:\groovy-3.0.8\bin;C:\Program Files\MySQL\MySQL Shell 8.0\bin\;C:\Users\WALTON\AppData\Local\Microsoft\WindowsApps;C:\Program Files\Intel\WiFi\bin\;C:\Program Files\Common Files\Intel\WirelessCommon\;C:\Users\WALTON\AppData\Local\Android\Sdk\platform-tools;C:\Users\WALTON\AppData\Local\Programs\Microsoft VS Code\bin;C:\Program Files (x86)\COSMIC\FSE_Compilers\CXSTM8;C:\Program Files (x86)\COSMIC\FSE_Compilers\CXSTM32;C:\Users\WALTON\AppData\Roaming\npm;C:\Users\WALTON\.dotnet\tools;C:\Windows\SysWOW64;C:\Program Files\Azure Data Studio\bin;
USERNAME=WALTON
OS=Windows_NT
PROCESSOR_IDENTIFIER=Intel64 Family 6 Model 142 Stepping 10, GenuineIntel



---------------  S Y S T E M  ---------------

OS: Windows 10.0 , 64 bit Build 19041 (10.0.19041.1566)

CPU:total 8 (4 cores per cpu, 2 threads per core) family 6 model 142 stepping 10, cmov, cx8, fxsr, mmx, sse, sse2, sse3, ssse3, sse4.1, sse4.2, popcnt, avx, avx2, aes, clmul, erms, 3dnowpref, lzcnt, ht, tsc, tscinvbit, bmi1, bmi2, adx

Memory: 4k page, physical 8268676k(211140k free), swap 33434500k(3700k free)

vm_info: Java HotSpot(TM) 64-Bit Server VM (25.111-b14) for windows-amd64 JRE (1.8.0_111-b14), built on Sep 22 2016 19:24:05 by "java_re" with MS VC++ 10.0 (VS2010)

time: Mon Apr 25 15:39:36 2022
elapsed time: 61 seconds (0d 0h 1m 1s)

